FreeFlight26/app/build/outputs/logs/manifest-merger-release-report.txt
-- Merging decision tree log ---
manifest
ADDED from src\main\AndroidManifest.xml:2:1-141:12
	package
		ADDED from src\main\AndroidManifest.xml:3:5-36
		INJECTED from src\main\AndroidManifest.xml
		INJECTED from src\main\AndroidManifest.xml
	android:versionName
		ADDED from src\main\AndroidManifest.xml:6:5-34
		INJECTED from src\main\AndroidManifest.xml
		INJECTED from src\main\AndroidManifest.xml
	android:versionCode
		ADDED from src\main\AndroidManifest.xml:5:5-32
		INJECTED from src\main\AndroidManifest.xml
		INJECTED from src\main\AndroidManifest.xml
	xmlns:android
		ADDED from src\main\AndroidManifest.xml:2:11-69
	android:installLocation
		ADDED from src\main\AndroidManifest.xml:4:5-35
uses-permission#android.permission.BLUETOOTH
ADDED from src\main\AndroidManifest.xml:8:5-68
	android:name
		ADDED from src\main\AndroidManifest.xml:8:22-65
uses-sdk
ADDED from src\main\AndroidManifest.xml:10:5-12:41
	android:targetSdkVersion
		ADDED from src\main\AndroidManifest.xml:12:9-38
		INJECTED from src\main\AndroidManifest.xml
		INJECTED from src\main\AndroidManifest.xml
	android:minSdkVersion
		ADDED from src\main\AndroidManifest.xml:11:9-34
		INJECTED from src\main\AndroidManifest.xml
		INJECTED from src\main\AndroidManifest.xml
uses-permission#android.permission.INTERNET
ADDED from src\main\AndroidManifest.xml:14:5-67
	android:name
		ADDED from src\main\AndroidManifest.xml:14:22-64
uses-permission#android.permission.CHANGE_WIFI_MULTICAST_STATE
ADDED from src\main\AndroidManifest.xml:15:5-86
	android:name
		ADDED from src\main\AndroidManifest.xml:15:22-83
supports-screens
ADDED from src\main\AndroidManifest.xml:17:5-22:40
	android:largeScreens
		ADDED from src\main\AndroidManifest.xml:19:9-36
	android:smallScreens
		ADDED from src\main\AndroidManifest.xml:21:9-37
	android:normalScreens
		ADDED from src\main\AndroidManifest.xml:20:9-37
	android:xlargeScreens
		ADDED from src\main\AndroidManifest.xml:22:9-37
	android:anyDensity
		ADDED from src\main\AndroidManifest.xml:18:9-34
uses-permission#android.permission.CHANGE_WIFI_STATE
ADDED from src\main\AndroidManifest.xml:24:5-76
	android:name
		ADDED from src\main\AndroidManifest.xml:24:22-73
uses-permission#android.permission.ACCESS_WIFI_STATE
ADDED from src\main\AndroidManifest.xml:25:5-76
	android:name
		ADDED from src\main\AndroidManifest.xml:25:22-73
uses-permission#android.permission.WAKE_LOCK
ADDED from src\main\AndroidManifest.xml:26:5-68
	android:name
		ADDED from src\main\AndroidManifest.xml:26:22-65
uses-permission#android.permission.WRITE_EXTERNAL_STORAGE
ADDED from src\main\AndroidManifest.xml:27:5-81
	android:name
		ADDED from src\main\AndroidManifest.xml:27:22-78
uses-permission#android.permission.WRITE_INTERNAL_STORAGE
ADDED from src\main\AndroidManifest.xml:28:5-81
	android:name
		ADDED from src\main\AndroidManifest.xml:28:22-78
uses-permission#android.permission.ACCESS_NETWORK_STATE
ADDED from src\main\AndroidManifest.xml:29:5-79
	android:name
		ADDED from src\main\AndroidManifest.xml:29:22-76
uses-permission#android.permission.ACCESS_FINE_LOCATION
ADDED from src\main\AndroidManifest.xml:30:5-79
	android:name
		ADDED from src\main\AndroidManifest.xml:30:22-76
uses-feature#0x00020000
ADDED from src\main\AndroidManifest.xml:32:5-34:35
	android:glEsVersion
		ADDED from src\main\AndroidManifest.xml:33:9-41
	android:required
		ADDED from src\main\AndroidManifest.xml:34:9-32
uses-feature#android.hardware.faketouch.multitouch.distinct
ADDED from src\main\AndroidManifest.xml:35:5-37:36
	android:required
		ADDED from src\main\AndroidManifest.xml:37:9-33
	android:name
		ADDED from src\main\AndroidManifest.xml:36:9-70
uses-feature#android.hardware.multitouch.distinct
ADDED from src\main\AndroidManifest.xml:38:5-40:36
	android:required
		ADDED from src\main\AndroidManifest.xml:40:9-33
	android:name
		ADDED from src\main\AndroidManifest.xml:39:9-60
uses-feature#android.hardware.wifi
ADDED from src\main\AndroidManifest.xml:41:5-43:35
	android:required
		ADDED from src\main\AndroidManifest.xml:43:9-32
	android:name
		ADDED from src\main\AndroidManifest.xml:42:9-45
application
ADDED from src\main\AndroidManifest.xml:45:5-139:19
	android:label
		ADDED from src\main\AndroidManifest.xml:49:9-41
	android:allowClearUserData
		ADDED from src\main\AndroidManifest.xml:47:9-42
	android:icon
		ADDED from src\main\AndroidManifest.xml:48:9-38
	android:largeHeap
		ADDED from src\main\AndroidManifest.xml:50:9-33
	android:theme
		ADDED from src\main\AndroidManifest.xml:51:9-47
	android:name
		ADDED from src\main\AndroidManifest.xml:46:9-46
activity#com.parrot.freeflight.activities.SplashActivity
ADDED from src\main\AndroidManifest.xml:52:9-68:20
	android:screenOrientation
		ADDED from src\main\AndroidManifest.xml:60:13-50
	android:label
		ADDED from src\main\AndroidManifest.xml:57:13-45
	android:excludeFromRecents
		ADDED from src\main\AndroidManifest.xml:55:13-46
	android:launchMode
		ADDED from src\main\AndroidManifest.xml:58:13-44
	android:noHistory
		ADDED from src\main\AndroidManifest.xml:59:13-37
	android:configChanges
		ADDED from src\main\AndroidManifest.xml:54:13-48
	android:finishOnTaskLaunch
		ADDED from src\main\AndroidManifest.xml:56:13-46
	android:theme
		ADDED from src\main\AndroidManifest.xml:61:13-59
	android:name
		ADDED from src\main\AndroidManifest.xml:53:13-54
intent-filter#android.intent.action.MAIN+android.intent.category.LAUNCHER
ADDED from src\main\AndroidManifest.xml:63:13-67:29
action#android.intent.action.MAIN
ADDED from src\main\AndroidManifest.xml:64:17-69
	android:name
		ADDED from src\main\AndroidManifest.xml:64:25-66
category#android.intent.category.LAUNCHER
ADDED from src\main\AndroidManifest.xml:66:17-77
	android:name
		ADDED from src\main\AndroidManifest.xml:66:27-74
activity#com.parrot.freeflight.activities.ConnectActivity
ADDED from src\main\AndroidManifest.xml:69:9-75:45
	android:screenOrientation
		ADDED from src\main\AndroidManifest.xml:74:13-50
	android:stateNotNeeded
		ADDED from src\main\AndroidManifest.xml:75:13-42
	android:excludeFromRecents
		ADDED from src\main\AndroidManifest.xml:71:13-46
	android:noHistory
		ADDED from src\main\AndroidManifest.xml:73:13-37
	android:finishOnTaskLaunch
		ADDED from src\main\AndroidManifest.xml:72:13-46
	android:name
		ADDED from src\main\AndroidManifest.xml:70:13-55
activity#com.parrot.freeflight.activities.ControlDroneActivity
ADDED from src\main\AndroidManifest.xml:76:9-83:64
	android:screenOrientation
		ADDED from src\main\AndroidManifest.xml:82:13-50
	android:hardwareAccelerated
		ADDED from src\main\AndroidManifest.xml:80:13-47
	android:launchMode
		ADDED from src\main\AndroidManifest.xml:81:13-48
	android:configChanges
		ADDED from src\main\AndroidManifest.xml:78:13-75
	android:finishOnTaskLaunch
		ADDED from src\main\AndroidManifest.xml:79:13-46
	android:theme
		ADDED from src\main\AndroidManifest.xml:83:13-61
	android:name
		ADDED from src\main\AndroidManifest.xml:77:13-60
activity#com.parrot.freeflight.activities.ControlDroneActivity2
ADDED from src\main\AndroidManifest.xml:85:9-92:64
	android:screenOrientation
		ADDED from src\main\AndroidManifest.xml:91:13-50
	android:hardwareAccelerated
		ADDED from src\main\AndroidManifest.xml:89:13-47
	android:launchMode
		ADDED from src\main\AndroidManifest.xml:90:13-48
	android:configChanges
		ADDED from src\main\AndroidManifest.xml:87:13-75
	android:finishOnTaskLaunch
		ADDED from src\main\AndroidManifest.xml:88:13-46
	android:theme
		ADDED from src\main\AndroidManifest.xml:92:13-61
	android:name
		ADDED from src\main\AndroidManifest.xml:86:13-61
service#com.parrot.freeflight.service.DroneControlService
ADDED from src\main\AndroidManifest.xml:94:9-64
	android:name
		ADDED from src\main\AndroidManifest.xml:94:18-61
activity#com.parrot.freeflight.activities.MediaActivity
ADDED from src\main\AndroidManifest.xml:96:9-100:53
	android:screenOrientation
		ADDED from src\main\AndroidManifest.xml:100:13-50
	android:hardwareAccelerated
		ADDED from src\main\AndroidManifest.xml:99:13-48
	android:finishOnTaskLaunch
		ADDED from src\main\AndroidManifest.xml:98:13-46
	android:name
		ADDED from src\main\AndroidManifest.xml:97:13-53
activity#com.parrot.freeflight.activities.DashboardActivity
ADDED from src\main\AndroidManifest.xml:101:9-107:64
	android:screenOrientation
		ADDED from src\main\AndroidManifest.xml:106:13-50
	android:hardwareAccelerated
		ADDED from src\main\AndroidManifest.xml:104:13-48
	android:launchMode
		ADDED from src\main\AndroidManifest.xml:105:13-44
	android:finishOnTaskLaunch
		ADDED from src\main\AndroidManifest.xml:103:13-46
	android:theme
		ADDED from src\main\AndroidManifest.xml:107:13-61
	android:name
		ADDED from src\main\AndroidManifest.xml:102:13-57
activity#com.parrot.freeflight.activities.UpdateFirmwareActivity
ADDED from src\main\AndroidManifest.xml:108:9-113:75
	android:screenOrientation
		ADDED from src\main\AndroidManifest.xml:112:13-50
	android:launchMode
		ADDED from src\main\AndroidManifest.xml:111:13-44
	android:finishOnTaskLaunch
		ADDED from src\main\AndroidManifest.xml:110:13-46
	android:theme
		ADDED from src\main\AndroidManifest.xml:113:13-72
	android:name
		ADDED from src\main\AndroidManifest.xml:109:13-62
activity#com.parrot.freeflight.activities.GalleryActivity
ADDED from src\main\AndroidManifest.xml:114:9-118:53
	android:screenOrientation
		ADDED from src\main\AndroidManifest.xml:118:13-50
	android:hardwareAccelerated
		ADDED from src\main\AndroidManifest.xml:117:13-47
	android:finishOnTaskLaunch
		ADDED from src\main\AndroidManifest.xml:116:13-46
	android:name
		ADDED from src\main\AndroidManifest.xml:115:13-55
activity#com.parrot.freeflight.activities.GuestSpaceActivity
ADDED from src\main\AndroidManifest.xml:119:9-123:53
	android:screenOrientation
		ADDED from src\main\AndroidManifest.xml:123:13-50
	android:hardwareAccelerated
		ADDED from src\main\AndroidManifest.xml:122:13-47
	android:finishOnTaskLaunch
		ADDED from src\main\AndroidManifest.xml:121:13-46
	android:name
		ADDED from src\main\AndroidManifest.xml:120:13-58
activity#com.parrot.freeflight.activities.BrowserActivity
ADDED from src\main\AndroidManifest.xml:124:9-128:77
	android:screenOrientation
		ADDED from src\main\AndroidManifest.xml:127:13-50
	android:finishOnTaskLaunch
		ADDED from src\main\AndroidManifest.xml:126:13-46
	android:theme
		ADDED from src\main\AndroidManifest.xml:128:13-65
	android:name
		ADDED from src\main\AndroidManifest.xml:125:13-55
service#com.parrot.freeflight.transcodeservice.TranscodingService
ADDED from src\main\AndroidManifest.xml:130:9-80
	android:name
		ADDED from src\main\AndroidManifest.xml:130:18-69
service#com.parrot.freeflight.updater.FirmwareUpdateService
ADDED from src\main\AndroidManifest.xml:131:9-74
	android:name
		ADDED from src\main\AndroidManifest.xml:131:18-63
uses-library#com.sony.btv.remotesensor
ADDED from src\main\AndroidManifest.xml:133:9-135:40
	android:required
		ADDED from src\main\AndroidManifest.xml:135:13-37
	android:name
		ADDED from src\main\AndroidManifest.xml:134:13-53
uses-library#com.google.android.tv
ADDED from src\main\AndroidManifest.xml:136:9-138:40
	android:required
		ADDED from src\main\AndroidManifest.xml:138:13-37
	android:name
		ADDED from src\main\AndroidManifest.xml:137:13-49